TRASH: workspace initialised                                     1709567817
################################################################################
 03 / 13 Loading the fasta file: CreinhardtiiCC_4532_707_v6.0.fa1709567817
################################################################################
 04 / 13 Calculating repeat scores for each sequence             1709567823
################################################################################
================================================================================
 05 / 13 Identifying regions with high repeat content            1709568225
################################################################################
 06 / 13 Identifying individual arrays with repeats              1709568229
################################################################################
=========================================================================================
 07 / 13 Shifting representative and comparing templates         1709568656
################################################################################
===============================================================================
 08 / 13 Classifying remaining representative repeats            1709568669
################################################################################
 09 / 13 Mapping the array representative to the array           1709568966
################################################################################
=========================================================================================
 11 / 13 Summarising array information                           1709569884
################################################################################
 12 / 13 Saving the array table                                  1709569916
################################################################################
 13 / 13 Saving the repeats table                                1709569917
################################################################################
[1] "TRASH exiting 0"
[1] "Time elapsed: 35.0732644001643"
done
